# JRE version: OpenJDK Runtime Environment (8.0_402-b08) (build 1.8.0_402-b08)
# Java VM: OpenJDK 64-Bit Server VM (25.402-b08 mixed mode windows-amd64 compressed oops)
Heap:
 PSYoungGen      total 657408K, used 406547K [0x00000000d6900000, 0x0000000100000000, 0x0000000100000000)
  eden space 635904K, 61% used [0x00000000d6900000,0x00000000ee85cd18,0x00000000fd600000)
  from space 21504K, 65% used [0x00000000feb00000,0x00000000ff8a8080,0x0000000100000000)
  to   space 21504K, 0% used [0x00000000fd600000,0x00000000fd600000,0x00000000feb00000)
 ParOldGen       total 242176K, used 223786K [0x0000000083a00000, 0x0000000092680000, 0x00000000d6900000)
  object space 242176K, 92% used [0x0000000083a00000,0x000000009148aa00,0x0000000092680000)
 Metaspace       used 76634K, capacity 84584K, committed 84648K, reserved 1120256K
  class space    used 11030K, capacity 13180K, committed 13224K, reserved 1048576K
GC Heap History (10 events):
Event: 33.910 GC heap before
{Heap before GC invocations=121 (full 3):
 PSYoungGen      total 662016K, used 661664K [0x00000000d6900000, 0x0000000100000000, 0x0000000100000000)
  eden space 650240K, 100% used [0x00000000d6900000,0x00000000fe400000,0x00000000fe400000)
  from space 11776K, 97% used [0x00000000fe400000,0x00000000fef28170,0x00000000fef80000)
  to   space 14848K, 0% used [0x00000000ff180000,0x00000000ff180000,0x0000000100000000)
 ParOldGen       total 242176K, used 216183K [0x0000000083a00000, 0x0000000092680000, 0x00000000d6900000)
  object space 242176K, 89% used [0x0000000083a00000,0x0000000090d1dec8,0x0000000092680000)
 Metaspace       used 76591K, capacity 84548K, committed 84648K, reserved 1120256K
  class space    used 11030K, capacity 13180K, committed 13224K, reserved 1048576K
Event: 33.923 GC heap after
Heap after GC invocations=121 (full 3):
 PSYoungGen      total 662016K, used 13008K [0x00000000d6900000, 0x0000000100000000, 0x0000000100000000)
  eden space 647168K, 0% used [0x00000000d6900000,0x00000000d6900000,0x00000000fe100000)
  from space 14848K, 87% used [0x00000000ff180000,0x00000000ffe34160,0x0000000100000000)
  to   space 15872K, 0% used [0x00000000fe100000,0x00000000fe100000,0x00000000ff080000)
 ParOldGen       total 242176K, used 216399K [0x0000000083a00000, 0x0000000092680000, 0x00000000d6900000)
  object space 242176K, 89% used [0x0000000083a00000,0x0000000090d53ec8,0x0000000092680000)
 Metaspace       used 76591K, capacity 84548K, committed 84648K, reserved 1120256K
  class space    used 11030K, capacity 13180K, committed 13224K, reserved 1048576K
}
Event: 34.284 GC heap before
{Heap before GC invocations=122 (full 3):
 PSYoungGen      total 662016K, used 660176K [0x00000000d6900000, 0x0000000100000000, 0x0000000100000000)
  eden space 647168K, 100% used [0x00000000d6900000,0x00000000fe100000,0x00000000fe100000)
  from space 14848K, 87% used [0x00000000ff180000,0x00000000ffe34160,0x0000000100000000)
  to   space 15872K, 0% used [0x00000000fe100000,0x00000000fe100000,0x00000000ff080000)
 ParOldGen       total 242176K, used 216399K [0x0000000083a00000, 0x0000000092680000, 0x00000000d6900000)
  object space 242176K, 89% used [0x0000000083a00000,0x0000000090d53ec8,0x0000000092680000)
 Metaspace       used 76609K, capacity 84580K, committed 84648K, reserved 1120256K
  class space    used 11030K, capacity 13180K, committed 13224K, reserved 1048576K
Event: 34.303 GC heap after
Heap after GC invocations=122 (full 3):
 PSYoungGen      total 663040K, used 15856K [0x00000000d6900000, 0x0000000100000000, 0x0000000100000000)
  eden space 647168K, 0% used [0x00000000d6900000,0x00000000d6900000,0x00000000fe100000)
  from space 15872K, 99% used [0x00000000fe100000,0x00000000ff07c178,0x00000000ff080000)
  to   space 15872K, 0% used [0x00000000ff080000,0x00000000ff080000,0x0000000100000000)
 ParOldGen       total 242176K, used 219771K [0x0000000083a00000, 0x0000000092680000, 0x00000000d6900000)
  object space 242176K, 90% used [0x0000000083a00000,0x000000009109eed8,0x0000000092680000)
 Metaspace       used 76609K, capacity 84580K, committed 84648K, reserved 1120256K
  class space    used 11030K, capacity 13180K, committed 13224K, reserved 1048576K
}
Event: 34.495 GC heap before
{Heap before GC invocations=123 (full 3):
 PSYoungGen      total 663040K, used 663024K [0x00000000d6900000, 0x0000000100000000, 0x0000000100000000)
  eden space 647168K, 100% used [0x00000000d6900000,0x00000000fe100000,0x00000000fe100000)
  from space 15872K, 99% used [0x00000000fe100000,0x00000000ff07c178,0x00000000ff080000)
  to   space 15872K, 0% used [0x00000000ff080000,0x00000000ff080000,0x0000000100000000)
 ParOldGen       total 242176K, used 219771K [0x0000000083a00000, 0x0000000092680000, 0x00000000d6900000)
  object space 242176K, 90% used [0x0000000083a00000,0x000000009109eed8,0x0000000092680000)
 Metaspace       used 76612K, capacity 84580K, committed 84648K, reserved 1120256K
  class space    used 11030K, capacity 13180K, committed 13224K, reserved 1048576K
Event: 34.512 GC heap after
Heap after GC invocations=123 (full 3):
 PSYoungGen      total 652800K, used 15856K [0x00000000d6900000, 0x0000000100000000, 0x0000000100000000)
  eden space 636928K, 0% used [0x00000000d6900000,0x00000000d6900000,0x00000000fd700000)
  from space 15872K, 99% used [0x00000000ff080000,0x00000000ffffc180,0x0000000100000000)
  to   space 20992K, 0% used [0x00000000fd700000,0x00000000fd700000,0x00000000feb80000)
 ParOldGen       total 242176K, used 220526K [0x0000000083a00000, 0x0000000092680000, 0x00000000d6900000)
  object space 242176K, 91% used [0x0000000083a00000,0x000000009115b890,0x0000000092680000)
 Metaspace       used 76612K, capacity 84580K, committed 84648K, reserved 1120256K
  class space    used 11030K, capacity 13180K, committed 13224K, reserved 1048576K
}
Event: 34.714 GC heap before
{Heap before GC invocations=124 (full 3):
 PSYoungGen      total 652800K, used 652784K [0x00000000d6900000, 0x0000000100000000, 0x0000000100000000)
  eden space 636928K, 100% used [0x00000000d6900000,0x00000000fd700000,0x00000000fd700000)
  from space 15872K, 99% used [0x00000000ff080000,0x00000000ffffc180,0x0000000100000000)
  to   space 20992K, 0% used [0x00000000fd700000,0x00000000fd700000,0x00000000feb80000)
 ParOldGen       total 242176K, used 220526K [0x0000000083a00000, 0x0000000092680000, 0x00000000d6900000)
  object space 242176K, 91% used [0x0000000083a00000,0x000000009115b890,0x0000000092680000)
 Metaspace       used 76625K, capacity 84580K, committed 84648K, reserved 1120256K
  class space    used 11030K, capacity 13180K, committed 13224K, reserved 1048576K
Event: 34.727 GC heap after
Heap after GC invocations=124 (full 3):
 PSYoungGen      total 651264K, used 14288K [0x00000000d6900000, 0x0000000100000000, 0x0000000100000000)
  eden space 636928K, 0% used [0x00000000d6900000,0x00000000d6900000,0x00000000fd700000)
  from space 14336K, 99% used [0x00000000fd700000,0x00000000fe4f40b0,0x00000000fe500000)
  to   space 21504K, 0% used [0x00000000feb00000,0x00000000feb00000,0x0000000100000000)
 ParOldGen       total 242176K, used 222834K [0x0000000083a00000, 0x0000000092680000, 0x00000000d6900000)
  object space 242176K, 92% used [0x0000000083a00000,0x000000009139c9a0,0x0000000092680000)
 Metaspace       used 76625K, capacity 84580K, committed 84648K, reserved 1120256K
  class space    used 11030K, capacity 13180K, committed 13224K, reserved 1048576K
}
Event: 34.976 GC heap before
{Heap before GC invocations=125 (full 3):
 PSYoungGen      total 651264K, used 651216K [0x00000000d6900000, 0x0000000100000000, 0x0000000100000000)
  eden space 636928K, 100% used [0x00000000d6900000,0x00000000fd700000,0x00000000fd700000)
  from space 14336K, 99% used [0x00000000fd700000,0x00000000fe4f40b0,0x00000000fe500000)
  to   space 21504K, 0% used [0x00000000feb00000,0x00000000feb00000,0x0000000100000000)
 ParOldGen       total 242176K, used 222834K [0x0000000083a00000, 0x0000000092680000, 0x00000000d6900000)
  object space 242176K, 92% used [0x0000000083a00000,0x000000009139c9a0,0x0000000092680000)
 Metaspace       used 76633K, capacity 84584K, committed 84648K, reserved 1120256K
  class space    used 11030K, capacity 13180K, committed 13224K, reserved 1048576K
Event: 34.990 GC heap after
Heap after GC invocations=125 (full 3):
 PSYoungGen      total 657408K, used 13984K [0x00000000d6900000, 0x0000000100000000, 0x0000000100000000)
  eden space 635904K, 0% used [0x00000000d6900000,0x00000000d6900000,0x00000000fd600000)
  from space 21504K, 65% used [0x00000000feb00000,0x00000000ff8a8080,0x0000000100000000)
  to   space 21504K, 0% used [0x00000000fd600000,0x00000000fd600000,0x00000000feb00000)
 ParOldGen       total 242176K, used 223786K [0x0000000083a00000, 0x0000000092680000, 0x00000000d6900000)
  object space 242176K, 92% used [0x0000000083a00000,0x000000009148aa00,0x0000000092680000)
 Metaspace       used 76633K, capacity 84584K, committed 84648K, reserved 1120256K
  class space    used 11030K, capacity 13180K, committed 13224K, reserved 1048576K
}

