# JRE version: OpenJDK Runtime Environment (8.0_402-b08) (build 1.8.0_402-b08)
# Java VM: OpenJDK 64-Bit Server VM (25.402-b08 mixed mode windows-amd64 compressed oops)
Heap:
 PSYoungGen      total 659456K, used 312499K [0x00000000d6900000, 0x0000000100000000, 0x0000000100000000)
  eden space 640000K, 45% used [0x00000000d6900000,0x00000000e8730298,0x00000000fda00000)
  from space 19456K, 99% used [0x00000000fda00000,0x00000000fecfccf8,0x00000000fed00000)
  to   space 19456K, 0% used [0x00000000fed00000,0x00000000fed00000,0x0000000100000000)
 ParOldGen       total 353792K, used 275567K [0x0000000083a00000, 0x0000000099380000, 0x00000000d6900000)
  object space 353792K, 77% used [0x0000000083a00000,0x000000009471bcd0,0x0000000099380000)
 Metaspace       used 83055K, capacity 93418K, committed 93608K, reserved 1128448K
  class space    used 12034K, capacity 14633K, committed 14760K, reserved 1048576K
GC Heap History (10 events):
Event: 45.891 GC heap before
{Heap before GC invocations=143 (full 4):
 PSYoungGen      total 668672K, used 668640K [0x00000000d6900000, 0x0000000100000000, 0x0000000100000000)
  eden space 661504K, 100% used [0x00000000d6900000,0x00000000fef00000,0x00000000fef00000)
  from space 7168K, 99% used [0x00000000ff900000,0x00000000ffff8050,0x0000000100000000)
  to   space 8704K, 0% used [0x00000000fef00000,0x00000000fef00000,0x00000000ff780000)
 ParOldGen       total 353792K, used 234308K [0x0000000083a00000, 0x0000000099380000, 0x00000000d6900000)
  object space 353792K, 66% used [0x0000000083a00000,0x0000000091ed1020,0x0000000099380000)
 Metaspace       used 76758K, capacity 84774K, committed 84904K, reserved 1120256K
  class space    used 11041K, capacity 13193K, committed 13224K, reserved 1048576K
Event: 45.903 GC heap after
Heap after GC invocations=143 (full 4):
 PSYoungGen      total 670208K, used 8672K [0x00000000d6900000, 0x0000000100000000, 0x0000000100000000)
  eden space 661504K, 0% used [0x00000000d6900000,0x00000000d6900000,0x00000000fef00000)
  from space 8704K, 99% used [0x00000000fef00000,0x00000000ff778050,0x00000000ff780000)
  to   space 8704K, 0% used [0x00000000ff780000,0x00000000ff780000,0x0000000100000000)
 ParOldGen       total 353792K, used 234308K [0x0000000083a00000, 0x0000000099380000, 0x00000000d6900000)
  object space 353792K, 66% used [0x0000000083a00000,0x0000000091ed1020,0x0000000099380000)
 Metaspace       used 76758K, capacity 84774K, committed 84904K, reserved 1120256K
  class space    used 11041K, capacity 13193K, committed 13224K, reserved 1048576K
}
Event: 46.441 GC heap before
{Heap before GC invocations=144 (full 4):
 PSYoungGen      total 670208K, used 670176K [0x00000000d6900000, 0x0000000100000000, 0x0000000100000000)
  eden space 661504K, 100% used [0x00000000d6900000,0x00000000fef00000,0x00000000fef00000)
  from space 8704K, 99% used [0x00000000fef00000,0x00000000ff778050,0x00000000ff780000)
  to   space 8704K, 0% used [0x00000000ff780000,0x00000000ff780000,0x0000000100000000)
 ParOldGen       total 353792K, used 234309K [0x0000000083a00000, 0x0000000099380000, 0x00000000d6900000)
  object space 353792K, 66% used [0x0000000083a00000,0x0000000091ed15c8,0x0000000099380000)
 Metaspace       used 76758K, capacity 84774K, committed 84904K, reserved 1120256K
  class space    used 11041K, capacity 13193K, committed 13224K, reserved 1048576K
Event: 46.490 GC heap after
Heap after GC invocations=144 (full 4):
 PSYoungGen      total 664064K, used 8672K [0x00000000d6900000, 0x0000000100000000, 0x0000000100000000)
  eden space 655360K, 0% used [0x00000000d6900000,0x00000000d6900000,0x00000000fe900000)
  from space 8704K, 99% used [0x00000000ff780000,0x00000000ffff8050,0x0000000100000000)
  to   space 11776K, 0% used [0x00000000fe900000,0x00000000fe900000,0x00000000ff480000)
 ParOldGen       total 353792K, used 235453K [0x0000000083a00000, 0x0000000099380000, 0x00000000d6900000)
  object space 353792K, 66% used [0x0000000083a00000,0x0000000091fef5c8,0x0000000099380000)
 Metaspace       used 76758K, capacity 84774K, committed 84904K, reserved 1120256K
  class space    used 11041K, capacity 13193K, committed 13224K, reserved 1048576K
}
Event: 48.243 GC heap before
{Heap before GC invocations=145 (full 4):
 PSYoungGen      total 664064K, used 664032K [0x00000000d6900000, 0x0000000100000000, 0x0000000100000000)
  eden space 655360K, 100% used [0x00000000d6900000,0x00000000fe900000,0x00000000fe900000)
  from space 8704K, 99% used [0x00000000ff780000,0x00000000ffff8050,0x0000000100000000)
  to   space 11776K, 0% used [0x00000000fe900000,0x00000000fe900000,0x00000000ff480000)
 ParOldGen       total 353792K, used 235453K [0x0000000083a00000, 0x0000000099380000, 0x00000000d6900000)
  object space 353792K, 66% used [0x0000000083a00000,0x0000000091fef5c8,0x0000000099380000)
 Metaspace       used 76827K, capacity 84868K, committed 84904K, reserved 1120256K
  class space    used 11046K, capacity 13200K, committed 13224K, reserved 1048576K
Event: 48.257 GC heap after
Heap after GC invocations=145 (full 4):
 PSYoungGen      total 666624K, used 11008K [0x00000000d6900000, 0x0000000100000000, 0x0000000100000000)
  eden space 655360K, 0% used [0x00000000d6900000,0x00000000d6900000,0x00000000fe900000)
  from space 11264K, 97% used [0x00000000fe900000,0x00000000ff3c0050,0x00000000ff400000)
  to   space 12288K, 0% used [0x00000000ff400000,0x00000000ff400000,0x0000000100000000)
 ParOldGen       total 353792K, used 236253K [0x0000000083a00000, 0x0000000099380000, 0x00000000d6900000)
  object space 353792K, 66% used [0x0000000083a00000,0x00000000920b75c8,0x0000000099380000)
 Metaspace       used 76827K, capacity 84868K, committed 84904K, reserved 1120256K
  class space    used 11046K, capacity 13200K, committed 13224K, reserved 1048576K
}
Event: 50.673 GC heap before
{Heap before GC invocations=146 (full 4):
 PSYoungGen      total 666624K, used 666368K [0x00000000d6900000, 0x0000000100000000, 0x0000000100000000)
  eden space 655360K, 100% used [0x00000000d6900000,0x00000000fe900000,0x00000000fe900000)
  from space 11264K, 97% used [0x00000000fe900000,0x00000000ff3c0050,0x00000000ff400000)
  to   space 12288K, 0% used [0x00000000ff400000,0x00000000ff400000,0x0000000100000000)
 ParOldGen       total 353792K, used 236253K [0x0000000083a00000, 0x0000000099380000, 0x00000000d6900000)
  object space 353792K, 66% used [0x0000000083a00000,0x00000000920b75c8,0x0000000099380000)
 Metaspace       used 77873K, capacity 86092K, committed 86312K, reserved 1122304K
  class space    used 11172K, capacity 13326K, committed 13352K, reserved 1048576K
Event: 50.694 GC heap after
Heap after GC invocations=146 (full 4):
 PSYoungGen      total 652288K, used 12263K [0x00000000d6900000, 0x0000000100000000, 0x0000000100000000)
  eden space 640000K, 0% used [0x00000000d6900000,0x00000000d6900000,0x00000000fda00000)
  from space 12288K, 99% used [0x00000000ff400000,0x00000000ffff9ea8,0x0000000100000000)
  to   space 19456K, 0% used [0x00000000fda00000,0x00000000fda00000,0x00000000fed00000)
 ParOldGen       total 353792K, used 247414K [0x0000000083a00000, 0x0000000099380000, 0x00000000d6900000)
  object space 353792K, 69% used [0x0000000083a00000,0x0000000092b9db48,0x0000000099380000)
 Metaspace       used 77873K, capacity 86092K, committed 86312K, reserved 1122304K
  class space    used 11172K, capacity 13326K, committed 13352K, reserved 1048576K
}
Event: 59.466 GC heap before
{Heap before GC invocations=147 (full 4):
 PSYoungGen      total 652288K, used 652263K [0x00000000d6900000, 0x0000000100000000, 0x0000000100000000)
  eden space 640000K, 100% used [0x00000000d6900000,0x00000000fda00000,0x00000000fda00000)
  from space 12288K, 99% used [0x00000000ff400000,0x00000000ffff9ea8,0x0000000100000000)
  to   space 19456K, 0% used [0x00000000fda00000,0x00000000fda00000,0x00000000fed00000)
 ParOldGen       total 353792K, used 247414K [0x0000000083a00000, 0x0000000099380000, 0x00000000d6900000)
  object space 353792K, 69% used [0x0000000083a00000,0x0000000092b9db48,0x0000000099380000)
 Metaspace       used 83051K, capacity 93418K, committed 93608K, reserved 1128448K
  class space    used 12033K, capacity 14633K, committed 14760K, reserved 1048576K
Event: 59.512 GC heap after
Heap after GC invocations=147 (full 4):
 PSYoungGen      total 659456K, used 19443K [0x00000000d6900000, 0x0000000100000000, 0x0000000100000000)
  eden space 640000K, 0% used [0x00000000d6900000,0x00000000d6900000,0x00000000fda00000)
  from space 19456K, 99% used [0x00000000fda00000,0x00000000fecfccf8,0x00000000fed00000)
  to   space 19456K, 0% used [0x00000000fed00000,0x00000000fed00000,0x0000000100000000)
 ParOldGen       total 353792K, used 275567K [0x0000000083a00000, 0x0000000099380000, 0x00000000d6900000)
  object space 353792K, 77% used [0x0000000083a00000,0x000000009471bcd0,0x0000000099380000)
 Metaspace       used 83051K, capacity 93418K, committed 93608K, reserved 1128448K
  class space    used 12033K, capacity 14633K, committed 14760K, reserved 1048576K
}

