# JRE version: OpenJDK Runtime Environment (8.0_402-b08) (build 1.8.0_402-b08)
# Java VM: OpenJDK 64-Bit Server VM (25.402-b08 mixed mode windows-amd64 compressed oops)
Heap:
 PSYoungGen      total 595456K, used 551384K [0x00000000d6900000, 0x0000000100000000, 0x0000000100000000)
  eden space 555008K, 98% used [0x00000000d6900000,0x00000000f7d86400,0x00000000f8700000)
  from space 40448K, 15% used [0x00000000fd880000,0x00000000fde6fed0,0x0000000100000000)
  to   space 61952K, 0% used [0x00000000f8700000,0x00000000f8700000,0x00000000fc380000)
 ParOldGen       total 336896K, used 336715K [0x0000000083a00000, 0x0000000098300000, 0x00000000d6900000)
  object space 336896K, 99% used [0x0000000083a00000,0x00000000982d2db8,0x0000000098300000)
 Metaspace       used 98994K, capacity 112386K, committed 112512K, reserved 1144832K
  class space    used 14143K, capacity 17252K, committed 17280K, reserved 1048576K
GC Heap History (10 events):
Event: 51.434 GC heap before
{Heap before GC invocations=149 (full 4):
 PSYoungGen      total 654336K, used 654332K [0x00000000d6900000, 0x0000000100000000, 0x0000000100000000)
  eden space 642048K, 100% used [0x00000000d6900000,0x00000000fdc00000,0x00000000fdc00000)
  from space 12288K, 99% used [0x00000000ff400000,0x00000000fffff160,0x0000000100000000)
  to   space 18432K, 0% used [0x00000000fdc00000,0x00000000fdc00000,0x00000000fee00000)
 ParOldGen       total 336896K, used 254536K [0x0000000083a00000, 0x0000000098300000, 0x00000000d6900000)
  object space 336896K, 75% used [0x0000000083a00000,0x00000000932922e8,0x0000000098300000)
 Metaspace       used 82875K, capacity 93142K, committed 93184K, reserved 1128448K
  class space    used 12008K, capacity 14583K, committed 14592K, reserved 1048576K
Event: 51.468 GC heap after
Heap after GC invocations=149 (full 4):
 PSYoungGen      total 660480K, used 18417K [0x00000000d6900000, 0x0000000100000000, 0x0000000100000000)
  eden space 642048K, 0% used [0x00000000d6900000,0x00000000d6900000,0x00000000fdc00000)
  from space 18432K, 99% used [0x00000000fdc00000,0x00000000fedfc4f0,0x00000000fee00000)
  to   space 18432K, 0% used [0x00000000fee00000,0x00000000fee00000,0x0000000100000000)
 ParOldGen       total 336896K, used 285639K [0x0000000083a00000, 0x0000000098300000, 0x00000000d6900000)
  object space 336896K, 84% used [0x0000000083a00000,0x00000000950f1cb0,0x0000000098300000)
 Metaspace       used 82875K, capacity 93142K, committed 93184K, reserved 1128448K
  class space    used 12008K, capacity 14583K, committed 14592K, reserved 1048576K
}
Event: 53.873 GC heap before
{Heap before GC invocations=150 (full 4):
 PSYoungGen      total 660480K, used 660465K [0x00000000d6900000, 0x0000000100000000, 0x0000000100000000)
  eden space 642048K, 100% used [0x00000000d6900000,0x00000000fdc00000,0x00000000fdc00000)
  from space 18432K, 99% used [0x00000000fdc00000,0x00000000fedfc4f0,0x00000000fee00000)
  to   space 18432K, 0% used [0x00000000fee00000,0x00000000fee00000,0x0000000100000000)
 ParOldGen       total 336896K, used 285639K [0x0000000083a00000, 0x0000000098300000, 0x00000000d6900000)
  object space 336896K, 84% used [0x0000000083a00000,0x00000000950f1cb0,0x0000000098300000)
 Metaspace       used 85155K, capacity 96078K, committed 96256K, reserved 1130496K
  class space    used 12364K, capacity 15049K, committed 15104K, reserved 1048576K
Event: 53.898 GC heap after
Heap after GC invocations=150 (full 4):
 PSYoungGen      total 622592K, used 18413K [0x00000000d6900000, 0x0000000100000000, 0x0000000100000000)
  eden space 604160K, 0% used [0x00000000d6900000,0x00000000d6900000,0x00000000fb700000)
  from space 18432K, 99% used [0x00000000fee00000,0x00000000ffffb488,0x0000000100000000)
  to   space 37376K, 0% used [0x00000000fb700000,0x00000000fb700000,0x00000000fdb80000)
 ParOldGen       total 336896K, used 296215K [0x0000000083a00000, 0x0000000098300000, 0x00000000d6900000)
  object space 336896K, 87% used [0x0000000083a00000,0x0000000095b45d00,0x0000000098300000)
 Metaspace       used 85155K, capacity 96078K, committed 96256K, reserved 1130496K
  class space    used 12364K, capacity 15049K, committed 15104K, reserved 1048576K
}
Event: 55.806 GC heap before
{Heap before GC invocations=151 (full 4):
 PSYoungGen      total 622592K, used 622573K [0x00000000d6900000, 0x0000000100000000, 0x0000000100000000)
  eden space 604160K, 100% used [0x00000000d6900000,0x00000000fb700000,0x00000000fb700000)
  from space 18432K, 99% used [0x00000000fee00000,0x00000000ffffb488,0x0000000100000000)
  to   space 37376K, 0% used [0x00000000fb700000,0x00000000fb700000,0x00000000fdb80000)
 ParOldGen       total 336896K, used 296215K [0x0000000083a00000, 0x0000000098300000, 0x00000000d6900000)
  object space 336896K, 87% used [0x0000000083a00000,0x0000000095b45d00,0x0000000098300000)
 Metaspace       used 85504K, capacity 96588K, committed 96896K, reserved 1130496K
  class space    used 12415K, capacity 15122K, committed 15232K, reserved 1048576K
Event: 55.827 GC heap after
Heap after GC invocations=151 (full 4):
 PSYoungGen      total 632832K, used 28277K [0x00000000d6900000, 0x0000000100000000, 0x0000000100000000)
  eden space 604160K, 0% used [0x00000000d6900000,0x00000000d6900000,0x00000000fb700000)
  from space 28672K, 98% used [0x00000000fb700000,0x00000000fd29d678,0x00000000fd300000)
  to   space 40448K, 0% used [0x00000000fd880000,0x00000000fd880000,0x0000000100000000)
 ParOldGen       total 336896K, used 296883K [0x0000000083a00000, 0x0000000098300000, 0x00000000d6900000)
  object space 336896K, 88% used [0x0000000083a00000,0x0000000095bece68,0x0000000098300000)
 Metaspace       used 85504K, capacity 96588K, committed 96896K, reserved 1130496K
  class space    used 12415K, capacity 15122K, committed 15232K, reserved 1048576K
}
Event: 59.965 GC heap before
{Heap before GC invocations=152 (full 4):
 PSYoungGen      total 632832K, used 632437K [0x00000000d6900000, 0x0000000100000000, 0x0000000100000000)
  eden space 604160K, 100% used [0x00000000d6900000,0x00000000fb700000,0x00000000fb700000)
  from space 28672K, 98% used [0x00000000fb700000,0x00000000fd29d678,0x00000000fd300000)
  to   space 40448K, 0% used [0x00000000fd880000,0x00000000fd880000,0x0000000100000000)
 ParOldGen       total 336896K, used 296883K [0x0000000083a00000, 0x0000000098300000, 0x00000000d6900000)
  object space 336896K, 88% used [0x0000000083a00000,0x0000000095bece68,0x0000000098300000)
 Metaspace       used 96731K, capacity 109464K, committed 109568K, reserved 1142784K
  class space    used 13896K, capacity 16883K, committed 16896K, reserved 1048576K
Event: 60.010 GC heap after
Heap after GC invocations=152 (full 4):
 PSYoungGen      total 595456K, used 40420K [0x00000000d6900000, 0x0000000100000000, 0x0000000100000000)
  eden space 555008K, 0% used [0x00000000d6900000,0x00000000d6900000,0x00000000f8700000)
  from space 40448K, 99% used [0x00000000fd880000,0x00000000ffff93c0,0x0000000100000000)
  to   space 61952K, 0% used [0x00000000f8700000,0x00000000f8700000,0x00000000fc380000)
 ParOldGen       total 336896K, used 336286K [0x0000000083a00000, 0x0000000098300000, 0x00000000d6900000)
  object space 336896K, 99% used [0x0000000083a00000,0x00000000982678f8,0x0000000098300000)
 Metaspace       used 96731K, capacity 109464K, committed 109568K, reserved 1142784K
  class space    used 13896K, capacity 16883K, committed 16896K, reserved 1048576K
}
Event: 60.010 GC heap before
{Heap before GC invocations=153 (full 5):
 PSYoungGen      total 595456K, used 40420K [0x00000000d6900000, 0x0000000100000000, 0x0000000100000000)
  eden space 555008K, 0% used [0x00000000d6900000,0x00000000d6900000,0x00000000f8700000)
  from space 40448K, 99% used [0x00000000fd880000,0x00000000ffff93c0,0x0000000100000000)
  to   space 61952K, 0% used [0x00000000f8700000,0x00000000f8700000,0x00000000fc380000)
 ParOldGen       total 336896K, used 336286K [0x0000000083a00000, 0x0000000098300000, 0x00000000d6900000)
  object space 336896K, 99% used [0x0000000083a00000,0x00000000982678f8,0x0000000098300000)
 Metaspace       used 96731K, capacity 109464K, committed 109568K, reserved 1142784K
  class space    used 13896K, capacity 16883K, committed 16896K, reserved 1048576K
Event: 61.354 GC heap after
Heap after GC invocations=153 (full 5):
 PSYoungGen      total 595456K, used 6079K [0x00000000d6900000, 0x0000000100000000, 0x0000000100000000)
  eden space 555008K, 0% used [0x00000000d6900000,0x00000000d6900000,0x00000000f8700000)
  from space 40448K, 15% used [0x00000000fd880000,0x00000000fde6fed0,0x0000000100000000)
  to   space 61952K, 0% used [0x00000000f8700000,0x00000000f8700000,0x00000000fc380000)
 ParOldGen       total 336896K, used 336715K [0x0000000083a00000, 0x0000000098300000, 0x00000000d6900000)
  object space 336896K, 99% used [0x0000000083a00000,0x00000000982d2db8,0x0000000098300000)
 Metaspace       used 96725K, capacity 109456K, committed 109568K, reserved 1142784K
  class space    used 13894K, capacity 16879K, committed 16896K, reserved 1048576K
}

