# JRE version: OpenJDK Runtime Environment (8.0_402-b08) (build 1.8.0_402-b08)
# Java VM: OpenJDK 64-Bit Server VM (25.402-b08 mixed mode windows-amd64 compressed oops)
Heap:
 PSYoungGen      total 666112K, used 220660K [0x00000000d6900000, 0x0000000100000000, 0x0000000100000000)
  eden space 653824K, 32% used [0x00000000d6900000,0x00000000e39216e8,0x00000000fe780000)
  from space 12288K, 63% used [0x00000000fe780000,0x00000000fef140a0,0x00000000ff380000)
  to   space 12288K, 0% used [0x00000000ff400000,0x00000000ff400000,0x0000000100000000)
 ParOldGen       total 324096K, used 218327K [0x0000000083a00000, 0x0000000097680000, 0x00000000d6900000)
  object space 324096K, 67% used [0x0000000083a00000,0x0000000090f35dd0,0x0000000097680000)
 Metaspace       used 76609K, capacity 84600K, committed 84608K, reserved 1120256K
  class space    used 11030K, capacity 13178K, committed 13184K, reserved 1048576K
GC Heap History (10 events):
Event: 29.474 GC heap before
{Heap before GC invocations=109 (full 4):
 PSYoungGen      total 665600K, used 662160K [0x00000000d6900000, 0x0000000100000000, 0x0000000100000000)
  eden space 652288K, 100% used [0x00000000d6900000,0x00000000fe600000,0x00000000fe600000)
  from space 13312K, 74% used [0x00000000ff300000,0x00000000ffca4198,0x0000000100000000)
  to   space 13312K, 0% used [0x00000000fe600000,0x00000000fe600000,0x00000000ff300000)
 ParOldGen       total 324096K, used 213000K [0x0000000083a00000, 0x0000000097680000, 0x00000000d6900000)
  object space 324096K, 65% used [0x0000000083a00000,0x0000000090a020a0,0x0000000097680000)
 Metaspace       used 76550K, capacity 84580K, committed 84608K, reserved 1120256K
  class space    used 11027K, capacity 13178K, committed 13184K, reserved 1048576K
Event: 29.484 GC heap after
Heap after GC invocations=109 (full 4):
 PSYoungGen      total 665600K, used 9504K [0x00000000d6900000, 0x0000000100000000, 0x0000000100000000)
  eden space 652288K, 0% used [0x00000000d6900000,0x00000000d6900000,0x00000000fe600000)
  from space 13312K, 71% used [0x00000000fe600000,0x00000000fef48178,0x00000000ff300000)
  to   space 13312K, 0% used [0x00000000ff300000,0x00000000ff300000,0x0000000100000000)
 ParOldGen       total 324096K, used 213216K [0x0000000083a00000, 0x0000000097680000, 0x00000000d6900000)
  object space 324096K, 65% used [0x0000000083a00000,0x0000000090a380a0,0x0000000097680000)
 Metaspace       used 76550K, capacity 84580K, committed 84608K, reserved 1120256K
  class space    used 11027K, capacity 13178K, committed 13184K, reserved 1048576K
}
Event: 29.732 GC heap before
{Heap before GC invocations=110 (full 4):
 PSYoungGen      total 665600K, used 661792K [0x00000000d6900000, 0x0000000100000000, 0x0000000100000000)
  eden space 652288K, 100% used [0x00000000d6900000,0x00000000fe600000,0x00000000fe600000)
  from space 13312K, 71% used [0x00000000fe600000,0x00000000fef48178,0x00000000ff300000)
  to   space 13312K, 0% used [0x00000000ff300000,0x00000000ff300000,0x0000000100000000)
 ParOldGen       total 324096K, used 214076K [0x0000000083a00000, 0x0000000097680000, 0x00000000d6900000)
  object space 324096K, 66% used [0x0000000083a00000,0x0000000090b0f288,0x0000000097680000)
 Metaspace       used 76556K, capacity 84580K, committed 84608K, reserved 1120256K
  class space    used 11027K, capacity 13178K, committed 13184K, reserved 1048576K
Event: 29.742 GC heap after
Heap after GC invocations=110 (full 4):
 PSYoungGen      total 664576K, used 9104K [0x00000000d6900000, 0x00000000fff00000, 0x0000000100000000)
  eden space 652288K, 0% used [0x00000000d6900000,0x00000000d6900000,0x00000000fe600000)
  from space 12288K, 74% used [0x00000000ff300000,0x00000000ffbe40d8,0x00000000fff00000)
  to   space 12800K, 0% used [0x00000000fe600000,0x00000000fe600000,0x00000000ff280000)
 ParOldGen       total 324096K, used 214676K [0x0000000083a00000, 0x0000000097680000, 0x00000000d6900000)
  object space 324096K, 66% used [0x0000000083a00000,0x0000000090ba5338,0x0000000097680000)
 Metaspace       used 76556K, capacity 84580K, committed 84608K, reserved 1120256K
  class space    used 11027K, capacity 13178K, committed 13184K, reserved 1048576K
}
Event: 29.942 GC heap before
{Heap before GC invocations=111 (full 4):
 PSYoungGen      total 664576K, used 661392K [0x00000000d6900000, 0x00000000fff00000, 0x0000000100000000)
  eden space 652288K, 100% used [0x00000000d6900000,0x00000000fe600000,0x00000000fe600000)
  from space 12288K, 74% used [0x00000000ff300000,0x00000000ffbe40d8,0x00000000fff00000)
  to   space 12800K, 0% used [0x00000000fe600000,0x00000000fe600000,0x00000000ff280000)
 ParOldGen       total 324096K, used 214680K [0x0000000083a00000, 0x0000000097680000, 0x00000000d6900000)
  object space 324096K, 66% used [0x0000000083a00000,0x0000000090ba6018,0x0000000097680000)
 Metaspace       used 76570K, capacity 84584K, committed 84608K, reserved 1120256K
  class space    used 11027K, capacity 13178K, committed 13184K, reserved 1048576K
Event: 29.952 GC heap after
Heap after GC invocations=111 (full 4):
 PSYoungGen      total 665088K, used 8160K [0x00000000d6900000, 0x00000000fff80000, 0x0000000100000000)
  eden space 652288K, 0% used [0x00000000d6900000,0x00000000d6900000,0x00000000fe600000)
  from space 12800K, 63% used [0x00000000fe600000,0x00000000fedf8090,0x00000000ff280000)
  to   space 12288K, 0% used [0x00000000ff380000,0x00000000ff380000,0x00000000fff80000)
 ParOldGen       total 324096K, used 216216K [0x0000000083a00000, 0x0000000097680000, 0x00000000d6900000)
  object space 324096K, 66% used [0x0000000083a00000,0x0000000090d26048,0x0000000097680000)
 Metaspace       used 76570K, capacity 84584K, committed 84608K, reserved 1120256K
  class space    used 11027K, capacity 13178K, committed 13184K, reserved 1048576K
}
Event: 30.198 GC heap before
{Heap before GC invocations=112 (full 4):
 PSYoungGen      total 665088K, used 660448K [0x00000000d6900000, 0x00000000fff80000, 0x0000000100000000)
  eden space 652288K, 100% used [0x00000000d6900000,0x00000000fe600000,0x00000000fe600000)
  from space 12800K, 63% used [0x00000000fe600000,0x00000000fedf8090,0x00000000ff280000)
  to   space 12288K, 0% used [0x00000000ff380000,0x00000000ff380000,0x00000000fff80000)
 ParOldGen       total 324096K, used 216959K [0x0000000083a00000, 0x0000000097680000, 0x00000000d6900000)
  object space 324096K, 66% used [0x0000000083a00000,0x0000000090ddffe8,0x0000000097680000)
 Metaspace       used 76586K, capacity 84584K, committed 84608K, reserved 1120256K
  class space    used 11027K, capacity 13178K, committed 13184K, reserved 1048576K
Event: 30.208 GC heap after
Heap after GC invocations=112 (full 4):
 PSYoungGen      total 666112K, used 8208K [0x00000000d6900000, 0x00000000fff80000, 0x0000000100000000)
  eden space 653824K, 0% used [0x00000000d6900000,0x00000000d6900000,0x00000000fe780000)
  from space 12288K, 66% used [0x00000000ff380000,0x00000000ffb84098,0x00000000fff80000)
  to   space 12288K, 0% used [0x00000000fe780000,0x00000000fe780000,0x00000000ff380000)
 ParOldGen       total 324096K, used 217391K [0x0000000083a00000, 0x0000000097680000, 0x00000000d6900000)
  object space 324096K, 67% used [0x0000000083a00000,0x0000000090e4bff8,0x0000000097680000)
 Metaspace       used 76586K, capacity 84584K, committed 84608K, reserved 1120256K
  class space    used 11027K, capacity 13178K, committed 13184K, reserved 1048576K
}
Event: 30.457 GC heap before
{Heap before GC invocations=113 (full 4):
 PSYoungGen      total 666112K, used 662032K [0x00000000d6900000, 0x00000000fff80000, 0x0000000100000000)
  eden space 653824K, 100% used [0x00000000d6900000,0x00000000fe780000,0x00000000fe780000)
  from space 12288K, 66% used [0x00000000ff380000,0x00000000ffb84098,0x00000000fff80000)
  to   space 12288K, 0% used [0x00000000fe780000,0x00000000fe780000,0x00000000ff380000)
 ParOldGen       total 324096K, used 217392K [0x0000000083a00000, 0x0000000097680000, 0x00000000d6900000)
  object space 324096K, 67% used [0x0000000083a00000,0x0000000090e4c3a8,0x0000000097680000)
 Metaspace       used 76593K, capacity 84596K, committed 84608K, reserved 1120256K
  class space    used 11027K, capacity 13178K, committed 13184K, reserved 1048576K
Event: 30.468 GC heap after
Heap after GC invocations=113 (full 4):
 PSYoungGen      total 666112K, used 7760K [0x00000000d6900000, 0x0000000100000000, 0x0000000100000000)
  eden space 653824K, 0% used [0x00000000d6900000,0x00000000d6900000,0x00000000fe780000)
  from space 12288K, 63% used [0x00000000fe780000,0x00000000fef140a0,0x00000000ff380000)
  to   space 12288K, 0% used [0x00000000ff400000,0x00000000ff400000,0x0000000100000000)
 ParOldGen       total 324096K, used 218327K [0x0000000083a00000, 0x0000000097680000, 0x00000000d6900000)
  object space 324096K, 67% used [0x0000000083a00000,0x0000000090f35dd0,0x0000000097680000)
 Metaspace       used 76593K, capacity 84596K, committed 84608K, reserved 1120256K
  class space    used 11027K, capacity 13178K, committed 13184K, reserved 1048576K
}

